Determining if the pthread_create exist failed with the following output:
Change Dir: /home/freybeuter/SFND_Lidar_Obstacle_Detection/build/CMakeFiles/CMakeTmp

Run Build Command:"/usr/bin/make" "cmTC_50f5f/fast"
/usr/bin/make -f CMakeFiles/cmTC_50f5f.dir/build.make CMakeFiles/cmTC_50f5f.dir/build
make[1]: Verzeichnis „/home/freybeuter/SFND_Lidar_Obstacle_Detection/build/CMakeFiles/CMakeTmp“ wird betreten
Building C object CMakeFiles/cmTC_50f5f.dir/CheckSymbolExists.c.o
/usr/bin/cc    -o CMakeFiles/cmTC_50f5f.dir/CheckSymbolExists.c.o   -c /home/freybeuter/SFND_Lidar_Obstacle_Detection/build/CMakeFiles/CMakeTmp/CheckSymbolExists.c
Linking C executable cmTC_50f5f
/usr/bin/cmake -E cmake_link_script CMakeFiles/cmTC_50f5f.dir/link.txt --verbose=1
/usr/bin/cc      -rdynamic CMakeFiles/cmTC_50f5f.dir/CheckSymbolExists.c.o  -o cmTC_50f5f 
CMakeFiles/cmTC_50f5f.dir/CheckSymbolExists.c.o: In Funktion »main«:
CheckSymbolExists.c:(.text+0x1b): Warnung: undefinierter Verweis auf »pthread_create«
collect2: error: ld returned 1 exit status
CMakeFiles/cmTC_50f5f.dir/build.make:97: recipe for target 'cmTC_50f5f' failed
make[1]: *** [cmTC_50f5f] Error 1
make[1]: Verzeichnis „/home/freybeuter/SFND_Lidar_Obstacle_Detection/build/CMakeFiles/CMakeTmp“ wird verlassen
Makefile:126: recipe for target 'cmTC_50f5f/fast' failed
make: *** [cmTC_50f5f/fast] Error 2

File /home/freybeuter/SFND_Lidar_Obstacle_Detection/build/CMakeFiles/CMakeTmp/CheckSymbolExists.c:
/* */
#include <pthread.h>

int main(int argc, char** argv)
{
  (void)argv;
#ifndef pthread_create
  return ((int*)(&pthread_create))[argc];
#else
  (void)argc;
  return 0;
#endif
}

Determining if the function pthread_create exists in the pthreads failed with the following output:
Change Dir: /home/freybeuter/SFND_Lidar_Obstacle_Detection/build/CMakeFiles/CMakeTmp

Run Build Command:"/usr/bin/make" "cmTC_25aea/fast"
/usr/bin/make -f CMakeFiles/cmTC_25aea.dir/build.make CMakeFiles/cmTC_25aea.dir/build
make[1]: Verzeichnis „/home/freybeuter/SFND_Lidar_Obstacle_Detection/build/CMakeFiles/CMakeTmp“ wird betreten
Building C object CMakeFiles/cmTC_25aea.dir/CheckFunctionExists.c.o
/usr/bin/cc   -DCHECK_FUNCTION_EXISTS=pthread_create   -o CMakeFiles/cmTC_25aea.dir/CheckFunctionExists.c.o   -c /usr/share/cmake-3.10/Modules/CheckFunctionExists.c
Linking C executable cmTC_25aea
/usr/bin/cmake -E cmake_link_script CMakeFiles/cmTC_25aea.dir/link.txt --verbose=1
/usr/bin/cc  -DCHECK_FUNCTION_EXISTS=pthread_create    -rdynamic CMakeFiles/cmTC_25aea.dir/CheckFunctionExists.c.o  -o cmTC_25aea -lpthreads 
/usr/bin/ld: -lpthreads kann nicht gefunden werden
collect2: error: ld returned 1 exit status
CMakeFiles/cmTC_25aea.dir/build.make:97: recipe for target 'cmTC_25aea' failed
make[1]: *** [cmTC_25aea] Error 1
make[1]: Verzeichnis „/home/freybeuter/SFND_Lidar_Obstacle_Detection/build/CMakeFiles/CMakeTmp“ wird verlassen
Makefile:126: recipe for target 'cmTC_25aea/fast' failed
make: *** [cmTC_25aea/fast] Error 2


